<?xml version="1.0" encoding="UTF-8"?>
<testng-results ignored="0" total="1" passed="1" failed="0" skipped="0">
  <reporter-output>
  </reporter-output>
  <suite started-at="2024-08-16T17:15:36 IST" name="Default suite" finished-at="2024-08-16T17:15:36 IST" duration-ms="207">
    <groups>
    </groups>
    <test started-at="2024-08-16T17:15:36 IST" name="Default test" finished-at="2024-08-16T17:15:36 IST" duration-ms="207">
      <class name="JavaStreamsLambdaExps">
        <test-method signature="streamCollect()[pri:0, instance:JavaStreamsLambdaExps@942a29c]" started-at="2024-08-16T17:15:36 IST" name="streamCollect" finished-at="2024-08-16T17:15:36 IST" duration-ms="166" status="PASS">
          <reporter-output>
          </reporter-output>
        </test-method> <!-- streamCollect -->
      </class> <!-- JavaStreamsLambdaExps -->
    </test> <!-- Default test -->
  </suite> <!-- Default suite -->
</testng-results>
